2021-12-08 21:03:57,750 [main] INFO  t.goodquestion.GoodquestionApplication             - Starting GoodquestionApplication using Java 15.0.1 on Lemines-MBP with PID 4285 (/Users/lem/Documents/Projekte/goodquestion/target/classes started by lem in /Users/lem/Documents/Projekte/goodquestion)
2021-12-08 21:03:57,754 [main] DEBUG t.goodquestion.GoodquestionApplication             - Running with Spring Boot v2.5.4, Spring v5.3.9
2021-12-08 21:03:57,754 [main] INFO  t.goodquestion.GoodquestionApplication             - No active profile set, falling back to default profiles: default
2021-12-08 21:03:58,419 [main] INFO  o.s.d.r.c.RepositoryConfigurationDelegate          - Bootstrapping Spring Data JPA repositories in DEFAULT mode.
2021-12-08 21:03:58,506 [main] INFO  o.s.d.r.c.RepositoryConfigurationDelegate          - Finished Spring Data repository scanning in 79 ms. Found 5 JPA repository interfaces.
2021-12-08 21:03:59,047 [main] INFO  o.s.b.w.embedded.tomcat.TomcatWebServer            - Tomcat initialized with port(s): 5050 (http)
2021-12-08 21:03:59,055 [main] INFO  o.apache.coyote.http11.Http11NioProtocol           - Initializing ProtocolHandler ["http-nio-5050"]
2021-12-08 21:03:59,056 [main] INFO  org.apache.catalina.core.StandardService           - Starting service [Tomcat]
2021-12-08 21:03:59,056 [main] INFO  org.apache.catalina.core.StandardEngine            - Starting Servlet engine: [Apache Tomcat/9.0.52]
2021-12-08 21:03:59,142 [main] INFO  o.a.c.c.C.[Tomcat].[localhost].[/]                 - Initializing Spring embedded WebApplicationContext
2021-12-08 21:03:59,143 [main] INFO  o.s.b.w.s.c.ServletWebServerApplicationContext     - Root WebApplicationContext: initialization completed in 1342 ms
2021-12-08 21:03:59,280 [main] INFO  o.hibernate.jpa.internal.util.LogHelper            - HHH000204: Processing PersistenceUnitInfo [name: default]
2021-12-08 21:03:59,334 [main] INFO  org.hibernate.Version                              - HHH000412: Hibernate ORM core version 5.4.32.Final
2021-12-08 21:03:59,429 [main] INFO  org.hibernate.annotations.common.Version           - HCANN000001: Hibernate Commons Annotations {5.1.2.Final}
2021-12-08 21:03:59,446 [main] DEBUG org.hibernate.type.BasicTypeRegistry               - Adding type registration boolean -> org.hibernate.type.BooleanType@5d508d22
2021-12-08 21:03:59,446 [main] DEBUG org.hibernate.type.BasicTypeRegistry               - Adding type registration boolean -> org.hibernate.type.BooleanType@5d508d22
2021-12-08 21:03:59,446 [main] DEBUG org.hibernate.type.BasicTypeRegistry               - Adding type registration java.lang.Boolean -> org.hibernate.type.BooleanType@5d508d22
2021-12-08 21:03:59,447 [main] DEBUG org.hibernate.type.BasicTypeRegistry               - Adding type registration numeric_boolean -> org.hibernate.type.NumericBooleanType@7da635c0
2021-12-08 21:03:59,447 [main] DEBUG org.hibernate.type.BasicTypeRegistry               - Adding type registration true_false -> org.hibernate.type.TrueFalseType@79a13920
2021-12-08 21:03:59,447 [main] DEBUG org.hibernate.type.BasicTypeRegistry               - Adding type registration yes_no -> org.hibernate.type.YesNoType@3292d91a
2021-12-08 21:03:59,448 [main] DEBUG org.hibernate.type.BasicTypeRegistry               - Adding type registration byte -> org.hibernate.type.ByteType@28babeca
2021-12-08 21:03:59,448 [main] DEBUG org.hibernate.type.BasicTypeRegistry               - Adding type registration byte -> org.hibernate.type.ByteType@28babeca
2021-12-08 21:03:59,448 [main] DEBUG org.hibernate.type.BasicTypeRegistry               - Adding type registration java.lang.Byte -> org.hibernate.type.ByteType@28babeca
2021-12-08 21:03:59,449 [main] DEBUG org.hibernate.type.BasicTypeRegistry               - Adding type registration character -> org.hibernate.type.CharacterType@778a1250
2021-12-08 21:03:59,449 [main] DEBUG org.hibernate.type.BasicTypeRegistry               - Adding type registration char -> org.hibernate.type.CharacterType@778a1250
2021-12-08 21:03:59,449 [main] DEBUG org.hibernate.type.BasicTypeRegistry               - Adding type registration java.lang.Character -> org.hibernate.type.CharacterType@778a1250
2021-12-08 21:03:59,450 [main] DEBUG org.hibernate.type.BasicTypeRegistry               - Adding type registration short -> org.hibernate.type.ShortType@2519026b
2021-12-08 21:03:59,450 [main] DEBUG org.hibernate.type.BasicTypeRegistry               - Adding type registration short -> org.hibernate.type.ShortType@2519026b
2021-12-08 21:03:59,450 [main] DEBUG org.hibernate.type.BasicTypeRegistry               - Adding type registration java.lang.Short -> org.hibernate.type.ShortType@2519026b
2021-12-08 21:03:59,450 [main] DEBUG org.hibernate.type.BasicTypeRegistry               - Adding type registration integer -> org.hibernate.type.IntegerType@37a9b687
2021-12-08 21:03:59,451 [main] DEBUG org.hibernate.type.BasicTypeRegistry               - Adding type registration int -> org.hibernate.type.IntegerType@37a9b687
2021-12-08 21:03:59,451 [main] DEBUG org.hibernate.type.BasicTypeRegistry               - Adding type registration java.lang.Integer -> org.hibernate.type.IntegerType@37a9b687
2021-12-08 21:03:59,451 [main] DEBUG org.hibernate.type.BasicTypeRegistry               - Adding type registration long -> org.hibernate.type.LongType@623e0631
2021-12-08 21:03:59,452 [main] DEBUG org.hibernate.type.BasicTypeRegistry               - Adding type registration long -> org.hibernate.type.LongType@623e0631
2021-12-08 21:03:59,452 [main] DEBUG org.hibernate.type.BasicTypeRegistry               - Adding type registration java.lang.Long -> org.hibernate.type.LongType@623e0631
2021-12-08 21:03:59,452 [main] DEBUG org.hibernate.type.BasicTypeRegistry               - Adding type registration float -> org.hibernate.type.FloatType@d325518
2021-12-08 21:03:59,452 [main] DEBUG org.hibernate.type.BasicTypeRegistry               - Adding type registration float -> org.hibernate.type.FloatType@d325518
2021-12-08 21:03:59,452 [main] DEBUG org.hibernate.type.BasicTypeRegistry               - Adding type registration java.lang.Float -> org.hibernate.type.FloatType@d325518
2021-12-08 21:03:59,453 [main] DEBUG org.hibernate.type.BasicTypeRegistry               - Adding type registration double -> org.hibernate.type.DoubleType@28cd2c2
2021-12-08 21:03:59,453 [main] DEBUG org.hibernate.type.BasicTypeRegistry               - Adding type registration double -> org.hibernate.type.DoubleType@28cd2c2
2021-12-08 21:03:59,453 [main] DEBUG org.hibernate.type.BasicTypeRegistry               - Adding type registration java.lang.Double -> org.hibernate.type.DoubleType@28cd2c2
2021-12-08 21:03:59,453 [main] DEBUG org.hibernate.type.BasicTypeRegistry               - Adding type registration big_decimal -> org.hibernate.type.BigDecimalType@6e02721d
2021-12-08 21:03:59,453 [main] DEBUG org.hibernate.type.BasicTypeRegistry               - Adding type registration java.math.BigDecimal -> org.hibernate.type.BigDecimalType@6e02721d
2021-12-08 21:03:59,454 [main] DEBUG org.hibernate.type.BasicTypeRegistry               - Adding type registration big_integer -> org.hibernate.type.BigIntegerType@5fdfe8cf
2021-12-08 21:03:59,454 [main] DEBUG org.hibernate.type.BasicTypeRegistry               - Adding type registration java.math.BigInteger -> org.hibernate.type.BigIntegerType@5fdfe8cf
2021-12-08 21:03:59,454 [main] DEBUG org.hibernate.type.BasicTypeRegistry               - Adding type registration string -> org.hibernate.type.StringType@31723307
2021-12-08 21:03:59,455 [main] DEBUG org.hibernate.type.BasicTypeRegistry               - Adding type registration java.lang.String -> org.hibernate.type.StringType@31723307
2021-12-08 21:03:59,455 [main] DEBUG org.hibernate.type.BasicTypeRegistry               - Adding type registration nstring -> org.hibernate.type.StringNVarcharType@a85644c
2021-12-08 21:03:59,455 [main] DEBUG org.hibernate.type.BasicTypeRegistry               - Adding type registration ncharacter -> org.hibernate.type.CharacterNCharType@69a024a0
2021-12-08 21:03:59,455 [main] DEBUG org.hibernate.type.BasicTypeRegistry               - Adding type registration url -> org.hibernate.type.UrlType@23cd5d42
2021-12-08 21:03:59,456 [main] DEBUG org.hibernate.type.BasicTypeRegistry               - Adding type registration java.net.URL -> org.hibernate.type.UrlType@23cd5d42
2021-12-08 21:03:59,456 [main] DEBUG org.hibernate.type.BasicTypeRegistry               - Adding type registration Duration -> org.hibernate.type.DurationType@4b425577
2021-12-08 21:03:59,456 [main] DEBUG org.hibernate.type.BasicTypeRegistry               - Adding type registration java.time.Duration -> org.hibernate.type.DurationType@4b425577
2021-12-08 21:03:59,457 [main] DEBUG org.hibernate.type.BasicTypeRegistry               - Adding type registration Instant -> org.hibernate.type.InstantType@21e45a6f
2021-12-08 21:03:59,457 [main] DEBUG org.hibernate.type.BasicTypeRegistry               - Adding type registration java.time.Instant -> org.hibernate.type.InstantType@21e45a6f
2021-12-08 21:03:59,457 [main] DEBUG org.hibernate.type.BasicTypeRegistry               - Adding type registration LocalDateTime -> org.hibernate.type.LocalDateTimeType@7fdd43cd
2021-12-08 21:03:59,457 [main] DEBUG org.hibernate.type.BasicTypeRegistry               - Adding type registration java.time.LocalDateTime -> org.hibernate.type.LocalDateTimeType@7fdd43cd
2021-12-08 21:03:59,458 [main] DEBUG org.hibernate.type.BasicTypeRegistry               - Adding type registration LocalDate -> org.hibernate.type.LocalDateType@51d0ec6f
2021-12-08 21:03:59,458 [main] DEBUG org.hibernate.type.BasicTypeRegistry               - Adding type registration java.time.LocalDate -> org.hibernate.type.LocalDateType@51d0ec6f
2021-12-08 21:03:59,459 [main] DEBUG org.hibernate.type.BasicTypeRegistry               - Adding type registration LocalTime -> org.hibernate.type.LocalTimeType@64ae105d
2021-12-08 21:03:59,459 [main] DEBUG org.hibernate.type.BasicTypeRegistry               - Adding type registration java.time.LocalTime -> org.hibernate.type.LocalTimeType@64ae105d
2021-12-08 21:03:59,459 [main] DEBUG org.hibernate.type.BasicTypeRegistry               - Adding type registration OffsetDateTime -> org.hibernate.type.OffsetDateTimeType@23ca36d
2021-12-08 21:03:59,459 [main] DEBUG org.hibernate.type.BasicTypeRegistry               - Adding type registration java.time.OffsetDateTime -> org.hibernate.type.OffsetDateTimeType@23ca36d
2021-12-08 21:03:59,460 [main] DEBUG org.hibernate.type.BasicTypeRegistry               - Adding type registration OffsetTime -> org.hibernate.type.OffsetTimeType@1ac6dd3d
2021-12-08 21:03:59,460 [main] DEBUG org.hibernate.type.BasicTypeRegistry               - Adding type registration java.time.OffsetTime -> org.hibernate.type.OffsetTimeType@1ac6dd3d
2021-12-08 21:03:59,461 [main] DEBUG org.hibernate.type.BasicTypeRegistry               - Adding type registration ZonedDateTime -> org.hibernate.type.ZonedDateTimeType@499ee966
2021-12-08 21:03:59,461 [main] DEBUG org.hibernate.type.BasicTypeRegistry               - Adding type registration java.time.ZonedDateTime -> org.hibernate.type.ZonedDateTimeType@499ee966
2021-12-08 21:03:59,462 [main] DEBUG org.hibernate.type.BasicTypeRegistry               - Adding type registration date -> org.hibernate.type.DateType@6dca31eb
2021-12-08 21:03:59,462 [main] DEBUG org.hibernate.type.BasicTypeRegistry               - Adding type registration java.sql.Date -> org.hibernate.type.DateType@6dca31eb
2021-12-08 21:03:59,463 [main] DEBUG org.hibernate.type.BasicTypeRegistry               - Adding type registration time -> org.hibernate.type.TimeType@4ef4f627
2021-12-08 21:03:59,463 [main] DEBUG org.hibernate.type.BasicTypeRegistry               - Adding type registration java.sql.Time -> org.hibernate.type.TimeType@4ef4f627
2021-12-08 21:03:59,464 [main] DEBUG org.hibernate.type.BasicTypeRegistry               - Adding type registration timestamp -> org.hibernate.type.TimestampType@ab2e6d2
2021-12-08 21:03:59,466 [main] DEBUG org.hibernate.type.BasicTypeRegistry               - Adding type registration java.sql.Timestamp -> org.hibernate.type.TimestampType@ab2e6d2
2021-12-08 21:03:59,466 [main] DEBUG org.hibernate.type.BasicTypeRegistry               - Adding type registration java.util.Date -> org.hibernate.type.TimestampType@ab2e6d2
2021-12-08 21:03:59,466 [main] DEBUG org.hibernate.type.BasicTypeRegistry               - Adding type registration dbtimestamp -> org.hibernate.type.DbTimestampType@2443abd6
2021-12-08 21:03:59,467 [main] DEBUG org.hibernate.type.BasicTypeRegistry               - Adding type registration calendar -> org.hibernate.type.CalendarType@d3e3085
2021-12-08 21:03:59,467 [main] DEBUG org.hibernate.type.BasicTypeRegistry               - Adding type registration java.util.Calendar -> org.hibernate.type.CalendarType@d3e3085
2021-12-08 21:03:59,467 [main] DEBUG org.hibernate.type.BasicTypeRegistry               - Adding type registration java.util.GregorianCalendar -> org.hibernate.type.CalendarType@d3e3085
2021-12-08 21:03:59,467 [main] DEBUG org.hibernate.type.BasicTypeRegistry               - Adding type registration calendar_date -> org.hibernate.type.CalendarDateType@29d405e6
2021-12-08 21:03:59,468 [main] DEBUG org.hibernate.type.BasicTypeRegistry               - Adding type registration calendar_time -> org.hibernate.type.CalendarTimeType@740dcae3
2021-12-08 21:03:59,468 [main] DEBUG org.hibernate.type.BasicTypeRegistry               - Adding type registration locale -> org.hibernate.type.LocaleType@624b523
2021-12-08 21:03:59,468 [main] DEBUG org.hibernate.type.BasicTypeRegistry               - Adding type registration java.util.Locale -> org.hibernate.type.LocaleType@624b523
2021-12-08 21:03:59,469 [main] DEBUG org.hibernate.type.BasicTypeRegistry               - Adding type registration currency -> org.hibernate.type.CurrencyType@15639d09
2021-12-08 21:03:59,469 [main] DEBUG org.hibernate.type.BasicTypeRegistry               - Adding type registration java.util.Currency -> org.hibernate.type.CurrencyType@15639d09
2021-12-08 21:03:59,470 [main] DEBUG org.hibernate.type.BasicTypeRegistry               - Adding type registration timezone -> org.hibernate.type.TimeZoneType@5ed5b321
2021-12-08 21:03:59,470 [main] DEBUG org.hibernate.type.BasicTypeRegistry               - Adding type registration java.util.TimeZone -> org.hibernate.type.TimeZoneType@5ed5b321
2021-12-08 21:03:59,470 [main] DEBUG org.hibernate.type.BasicTypeRegistry               - Adding type registration class -> org.hibernate.type.ClassType@739265f1
2021-12-08 21:03:59,470 [main] DEBUG org.hibernate.type.BasicTypeRegistry               - Adding type registration java.lang.Class -> org.hibernate.type.ClassType@739265f1
2021-12-08 21:03:59,471 [main] DEBUG org.hibernate.type.BasicTypeRegistry               - Adding type registration uuid-binary -> org.hibernate.type.UUIDBinaryType@5f025000
2021-12-08 21:03:59,471 [main] DEBUG org.hibernate.type.BasicTypeRegistry               - Adding type registration java.util.UUID -> org.hibernate.type.UUIDBinaryType@5f025000
2021-12-08 21:03:59,471 [main] DEBUG org.hibernate.type.BasicTypeRegistry               - Adding type registration uuid-char -> org.hibernate.type.UUIDCharType@54ffa561
2021-12-08 21:03:59,472 [main] DEBUG org.hibernate.type.BasicTypeRegistry               - Adding type registration binary -> org.hibernate.type.BinaryType@124d26ba
2021-12-08 21:03:59,472 [main] DEBUG org.hibernate.type.BasicTypeRegistry               - Adding type registration byte[] -> org.hibernate.type.BinaryType@124d26ba
2021-12-08 21:03:59,472 [main] DEBUG org.hibernate.type.BasicTypeRegistry               - Adding type registration [B -> org.hibernate.type.BinaryType@124d26ba
2021-12-08 21:03:59,472 [main] DEBUG org.hibernate.type.BasicTypeRegistry               - Adding type registration wrapper-binary -> org.hibernate.type.WrapperBinaryType@4c07d1fc
2021-12-08 21:03:59,472 [main] DEBUG org.hibernate.type.BasicTypeRegistry               - Adding type registration Byte[] -> org.hibernate.type.WrapperBinaryType@4c07d1fc
2021-12-08 21:03:59,472 [main] DEBUG org.hibernate.type.BasicTypeRegistry               - Adding type registration [Ljava.lang.Byte; -> org.hibernate.type.WrapperBinaryType@4c07d1fc
2021-12-08 21:03:59,473 [main] DEBUG org.hibernate.type.BasicTypeRegistry               - Adding type registration row_version -> org.hibernate.type.RowVersionType@4c531172
2021-12-08 21:03:59,473 [main] DEBUG org.hibernate.type.BasicTypeRegistry               - Adding type registration image -> org.hibernate.type.ImageType@236fdf
2021-12-08 21:03:59,474 [main] DEBUG org.hibernate.type.BasicTypeRegistry               - Adding type registration characters -> org.hibernate.type.CharArrayType@195580ba
2021-12-08 21:03:59,474 [main] DEBUG org.hibernate.type.BasicTypeRegistry               - Adding type registration char[] -> org.hibernate.type.CharArrayType@195580ba
2021-12-08 21:03:59,474 [main] DEBUG org.hibernate.type.BasicTypeRegistry               - Adding type registration [C -> org.hibernate.type.CharArrayType@195580ba
2021-12-08 21:03:59,474 [main] DEBUG org.hibernate.type.BasicTypeRegistry               - Adding type registration wrapper-characters -> org.hibernate.type.CharacterArrayType@7a083b96
2021-12-08 21:03:59,474 [main] DEBUG org.hibernate.type.BasicTypeRegistry               - Adding type registration [Ljava.lang.Character; -> org.hibernate.type.CharacterArrayType@7a083b96
2021-12-08 21:03:59,474 [main] DEBUG org.hibernate.type.BasicTypeRegistry               - Adding type registration Character[] -> org.hibernate.type.CharacterArrayType@7a083b96
2021-12-08 21:03:59,475 [main] DEBUG org.hibernate.type.BasicTypeRegistry               - Adding type registration text -> org.hibernate.type.TextType@6c17c0f8
2021-12-08 21:03:59,475 [main] DEBUG org.hibernate.type.BasicTypeRegistry               - Adding type registration ntext -> org.hibernate.type.NTextType@498a612d
2021-12-08 21:03:59,475 [main] DEBUG org.hibernate.type.BasicTypeRegistry               - Adding type registration blob -> org.hibernate.type.BlobType@364b1061
2021-12-08 21:03:59,476 [main] DEBUG org.hibernate.type.BasicTypeRegistry               - Adding type registration java.sql.Blob -> org.hibernate.type.BlobType@364b1061
2021-12-08 21:03:59,476 [main] DEBUG org.hibernate.type.BasicTypeRegistry               - Adding type registration materialized_blob -> org.hibernate.type.MaterializedBlobType@13d019a4
2021-12-08 21:03:59,477 [main] DEBUG org.hibernate.type.BasicTypeRegistry               - Adding type registration clob -> org.hibernate.type.ClobType@5f9f3e58
2021-12-08 21:03:59,477 [main] DEBUG org.hibernate.type.BasicTypeRegistry               - Adding type registration java.sql.Clob -> org.hibernate.type.ClobType@5f9f3e58
2021-12-08 21:03:59,477 [main] DEBUG org.hibernate.type.BasicTypeRegistry               - Adding type registration nclob -> org.hibernate.type.NClobType@647b9364
2021-12-08 21:03:59,478 [main] DEBUG org.hibernate.type.BasicTypeRegistry               - Adding type registration java.sql.NClob -> org.hibernate.type.NClobType@647b9364
2021-12-08 21:03:59,478 [main] DEBUG org.hibernate.type.BasicTypeRegistry               - Adding type registration materialized_clob -> org.hibernate.type.MaterializedClobType@61e86192
2021-12-08 21:03:59,478 [main] DEBUG org.hibernate.type.BasicTypeRegistry               - Adding type registration materialized_nclob -> org.hibernate.type.MaterializedNClobType@69c532af
2021-12-08 21:03:59,479 [main] DEBUG org.hibernate.type.BasicTypeRegistry               - Adding type registration serializable -> org.hibernate.type.SerializableType@2be818da
2021-12-08 21:03:59,480 [main] DEBUG org.hibernate.type.BasicTypeRegistry               - Adding type registration object -> org.hibernate.type.ObjectType@383cb5ce
2021-12-08 21:03:59,481 [main] DEBUG org.hibernate.type.BasicTypeRegistry               - Adding type registration java.lang.Object -> org.hibernate.type.ObjectType@383cb5ce
2021-12-08 21:03:59,481 [main] DEBUG org.hibernate.type.BasicTypeRegistry               - Adding type registration imm_date -> org.hibernate.type.AdaptedImmutableType@22d8f4ed
2021-12-08 21:03:59,481 [main] DEBUG org.hibernate.type.BasicTypeRegistry               - Adding type registration imm_time -> org.hibernate.type.AdaptedImmutableType@3434a4f0
2021-12-08 21:03:59,481 [main] DEBUG org.hibernate.type.BasicTypeRegistry               - Adding type registration imm_timestamp -> org.hibernate.type.AdaptedImmutableType@79afa369
2021-12-08 21:03:59,481 [main] DEBUG org.hibernate.type.BasicTypeRegistry               - Adding type registration imm_dbtimestamp -> org.hibernate.type.AdaptedImmutableType@3b9ac754
2021-12-08 21:03:59,481 [main] DEBUG org.hibernate.type.BasicTypeRegistry               - Adding type registration imm_calendar -> org.hibernate.type.AdaptedImmutableType@5e002356
2021-12-08 21:03:59,481 [main] DEBUG org.hibernate.type.BasicTypeRegistry               - Adding type registration imm_calendar_date -> org.hibernate.type.AdaptedImmutableType@4f820f42
2021-12-08 21:03:59,481 [main] DEBUG org.hibernate.type.BasicTypeRegistry               - Adding type registration imm_binary -> org.hibernate.type.AdaptedImmutableType@4b325930
2021-12-08 21:03:59,481 [main] DEBUG org.hibernate.type.BasicTypeRegistry               - Adding type registration imm_serializable -> org.hibernate.type.AdaptedImmutableType@267f9765
2021-12-08 21:03:59,507 [main] INFO  com.zaxxer.hikari.HikariDataSource                 - HikariPool-1 - Starting...
2021-12-08 21:03:59,866 [main] INFO  com.zaxxer.hikari.HikariDataSource                 - HikariPool-1 - Start completed.
2021-12-08 21:03:59,878 [main] INFO  org.hibernate.dialect.Dialect                      - HHH000400: Using dialect: org.hibernate.dialect.MariaDB103Dialect
2021-12-08 21:03:59,944 [main] DEBUG o.h.type.spi.TypeConfiguration$Scope               - Scoping TypeConfiguration [org.hibernate.type.spi.TypeConfiguration@524f5ea5] to MetadataBuildingContext [org.hibernate.boot.internal.MetadataBuildingContextRootImpl@586843bc]
2021-12-08 21:04:00,082 [main] DEBUG o.h.type.spi.TypeConfiguration$Scope               - Scoping TypeConfiguration [org.hibernate.type.spi.TypeConfiguration@524f5ea5] to SessionFactoryImpl [org.hibernate.internal.SessionFactoryImpl@6313b441]
2021-12-08 21:04:00,343 [main] DEBUG org.hibernate.SQL                                  - create table topic (id_topic bigint not null auto_increment, posted_at datetime(6) not null, content varchar(255) not null, vote integer not null, id_user bigint not null, primary key (id_topic)) engine=InnoDB
2021-12-08 21:04:00,373 [main] DEBUG org.hibernate.SQL                                  - create table user (id_user bigint not null auto_increment, collected_points integer not null, created_at datetime(6) not null, email varchar(255) not null, mobile varchar(255) not null, password varchar(255) not null, username varchar(255) not null, primary key (id_user)) engine=InnoDB
2021-12-08 21:04:00,398 [main] DEBUG org.hibernate.SQL                                  - alter table user drop index if exists UK_ob8kqyqqgmefl0aco34akdtpe
2021-12-08 21:04:00,411 [main] DEBUG org.hibernate.SQL                                  - alter table user add constraint UK_ob8kqyqqgmefl0aco34akdtpe unique (email)
2021-12-08 21:04:00,439 [main] DEBUG org.hibernate.SQL                                  - alter table user drop index if exists UK_sb8bbouer5wak8vyiiy4pf2bx
2021-12-08 21:04:00,440 [main] DEBUG org.hibernate.SQL                                  - alter table user add constraint UK_sb8bbouer5wak8vyiiy4pf2bx unique (username)
2021-12-08 21:04:00,464 [main] DEBUG org.hibernate.SQL                                  - alter table topic add constraint FK6br5a7f1rn1bi94rkmi38mcln foreign key (id_user) references user (id_user)
2021-12-08 21:04:00,496 [main] INFO  o.h.e.t.j.p.i.JtaPlatformInitiator                 - HHH000490: Using JtaPlatform implementation: [org.hibernate.engine.transaction.jta.platform.internal.NoJtaPlatform]
2021-12-08 21:04:00,501 [main] TRACE o.h.type.spi.TypeConfiguration$Scope               - Handling #sessionFactoryCreated from [org.hibernate.internal.SessionFactoryImpl@6313b441] for TypeConfiguration
2021-12-08 21:04:00,503 [main] INFO  o.s.o.j.LocalContainerEntityManagerFactoryBean     - Initialized JPA EntityManagerFactory for persistence unit 'default'
2021-12-08 21:04:00,832 [main] WARN  o.s.b.a.o.j.JpaBaseConfiguration$JpaWebConfiguration - spring.jpa.open-in-view is enabled by default. Therefore, database queries may be performed during view rendering. Explicitly configure spring.jpa.open-in-view to disable this warning
2021-12-08 21:04:01,046 [main] WARN  o.s.b.a.t.ThymeleafAutoConfiguration$DefaultTemplateResolverConfiguration - Cannot find template location: classpath:/templates/ (please add some templates or check your Thymeleaf configuration)
2021-12-08 21:04:01,303 [main] INFO  o.apache.coyote.http11.Http11NioProtocol           - Starting ProtocolHandler ["http-nio-5050"]
2021-12-08 21:04:01,315 [main] INFO  o.s.b.w.embedded.tomcat.TomcatWebServer            - Tomcat started on port(s): 5050 (http) with context path ''
2021-12-08 21:04:01,328 [main] INFO  t.goodquestion.GoodquestionApplication             - Started GoodquestionApplication in 3.976 seconds (JVM running for 4.844)
2021-12-08 21:51:06,718 [SpringApplicationShutdownHook] INFO  o.s.o.j.LocalContainerEntityManagerFactoryBean     - Closing JPA EntityManagerFactory for persistence unit 'default'
2021-12-08 21:51:06,719 [SpringApplicationShutdownHook] TRACE o.h.type.spi.TypeConfiguration$Scope               - Handling #sessionFactoryClosed from [org.hibernate.internal.SessionFactoryImpl@6313b441] for TypeConfiguration
2021-12-08 21:51:06,719 [SpringApplicationShutdownHook] DEBUG o.h.type.spi.TypeConfiguration$Scope               - Un-scoping TypeConfiguration [org.hibernate.type.spi.TypeConfiguration$Scope@5cbc7efb] from SessionFactory [org.hibernate.internal.SessionFactoryImpl@6313b441]
2021-12-08 21:51:06,722 [SpringApplicationShutdownHook] INFO  com.zaxxer.hikari.HikariDataSource                 - HikariPool-1 - Shutdown initiated...
2021-12-08 21:51:06,728 [SpringApplicationShutdownHook] INFO  com.zaxxer.hikari.HikariDataSource                 - HikariPool-1 - Shutdown completed.
2021-12-08 21:51:09,790 [main] INFO  t.goodquestion.GoodquestionApplication             - Starting GoodquestionApplication using Java 15.0.1 on Lemines-MBP with PID 5100 (/Users/lem/Documents/Projekte/goodquestion/target/classes started by lem in /Users/lem/Documents/Projekte/goodquestion)
2021-12-08 21:51:09,792 [main] DEBUG t.goodquestion.GoodquestionApplication             - Running with Spring Boot v2.5.4, Spring v5.3.9
2021-12-08 21:51:09,792 [main] INFO  t.goodquestion.GoodquestionApplication             - No active profile set, falling back to default profiles: default
2021-12-08 21:51:10,478 [main] INFO  o.s.d.r.c.RepositoryConfigurationDelegate          - Bootstrapping Spring Data JPA repositories in DEFAULT mode.
2021-12-08 21:51:10,534 [main] INFO  o.s.d.r.c.RepositoryConfigurationDelegate          - Finished Spring Data repository scanning in 49 ms. Found 5 JPA repository interfaces.
2021-12-08 21:51:10,900 [main] INFO  o.s.b.w.embedded.tomcat.TomcatWebServer            - Tomcat initialized with port(s): 5050 (http)
2021-12-08 21:51:10,907 [main] INFO  o.apache.coyote.http11.Http11NioProtocol           - Initializing ProtocolHandler ["http-nio-5050"]
2021-12-08 21:51:10,907 [main] INFO  org.apache.catalina.core.StandardService           - Starting service [Tomcat]
2021-12-08 21:51:10,907 [main] INFO  org.apache.catalina.core.StandardEngine            - Starting Servlet engine: [Apache Tomcat/9.0.52]
2021-12-08 21:51:10,990 [main] INFO  o.a.c.c.C.[Tomcat].[localhost].[/]                 - Initializing Spring embedded WebApplicationContext
2021-12-08 21:51:10,990 [main] INFO  o.s.b.w.s.c.ServletWebServerApplicationContext     - Root WebApplicationContext: initialization completed in 1139 ms
2021-12-08 21:51:11,142 [main] INFO  o.hibernate.jpa.internal.util.LogHelper            - HHH000204: Processing PersistenceUnitInfo [name: default]
2021-12-08 21:51:11,190 [main] INFO  org.hibernate.Version                              - HHH000412: Hibernate ORM core version 5.4.32.Final
2021-12-08 21:51:11,282 [main] INFO  org.hibernate.annotations.common.Version           - HCANN000001: Hibernate Commons Annotations {5.1.2.Final}
2021-12-08 21:51:11,303 [main] DEBUG org.hibernate.type.BasicTypeRegistry               - Adding type registration boolean -> org.hibernate.type.BooleanType@4f281aaf
2021-12-08 21:51:11,303 [main] DEBUG org.hibernate.type.BasicTypeRegistry               - Adding type registration boolean -> org.hibernate.type.BooleanType@4f281aaf
2021-12-08 21:51:11,304 [main] DEBUG org.hibernate.type.BasicTypeRegistry               - Adding type registration java.lang.Boolean -> org.hibernate.type.BooleanType@4f281aaf
2021-12-08 21:51:11,304 [main] DEBUG org.hibernate.type.BasicTypeRegistry               - Adding type registration numeric_boolean -> org.hibernate.type.NumericBooleanType@24c685e7
2021-12-08 21:51:11,305 [main] DEBUG org.hibernate.type.BasicTypeRegistry               - Adding type registration true_false -> org.hibernate.type.TrueFalseType@35650279
2021-12-08 21:51:11,305 [main] DEBUG org.hibernate.type.BasicTypeRegistry               - Adding type registration yes_no -> org.hibernate.type.YesNoType@420a8042
2021-12-08 21:51:11,306 [main] DEBUG org.hibernate.type.BasicTypeRegistry               - Adding type registration byte -> org.hibernate.type.ByteType@3a7c678b
2021-12-08 21:51:11,307 [main] DEBUG org.hibernate.type.BasicTypeRegistry               - Adding type registration byte -> org.hibernate.type.ByteType@3a7c678b
2021-12-08 21:51:11,307 [main] DEBUG org.hibernate.type.BasicTypeRegistry               - Adding type registration java.lang.Byte -> org.hibernate.type.ByteType@3a7c678b
2021-12-08 21:51:11,308 [main] DEBUG org.hibernate.type.BasicTypeRegistry               - Adding type registration character -> org.hibernate.type.CharacterType@25b38203
2021-12-08 21:51:11,308 [main] DEBUG org.hibernate.type.BasicTypeRegistry               - Adding type registration char -> org.hibernate.type.CharacterType@25b38203
2021-12-08 21:51:11,308 [main] DEBUG org.hibernate.type.BasicTypeRegistry               - Adding type registration java.lang.Character -> org.hibernate.type.CharacterType@25b38203
2021-12-08 21:51:11,309 [main] DEBUG org.hibernate.type.BasicTypeRegistry               - Adding type registration short -> org.hibernate.type.ShortType@64e7d698
2021-12-08 21:51:11,309 [main] DEBUG org.hibernate.type.BasicTypeRegistry               - Adding type registration short -> org.hibernate.type.ShortType@64e7d698
2021-12-08 21:51:11,310 [main] DEBUG org.hibernate.type.BasicTypeRegistry               - Adding type registration java.lang.Short -> org.hibernate.type.ShortType@64e7d698
2021-12-08 21:51:11,310 [main] DEBUG org.hibernate.type.BasicTypeRegistry               - Adding type registration integer -> org.hibernate.type.IntegerType@570ba13
2021-12-08 21:51:11,311 [main] DEBUG org.hibernate.type.BasicTypeRegistry               - Adding type registration int -> org.hibernate.type.IntegerType@570ba13
2021-12-08 21:51:11,311 [main] DEBUG org.hibernate.type.BasicTypeRegistry               - Adding type registration java.lang.Integer -> org.hibernate.type.IntegerType@570ba13
2021-12-08 21:51:11,311 [main] DEBUG org.hibernate.type.BasicTypeRegistry               - Adding type registration long -> org.hibernate.type.LongType@733fb462
2021-12-08 21:51:11,312 [main] DEBUG org.hibernate.type.BasicTypeRegistry               - Adding type registration long -> org.hibernate.type.LongType@733fb462
2021-12-08 21:51:11,312 [main] DEBUG org.hibernate.type.BasicTypeRegistry               - Adding type registration java.lang.Long -> org.hibernate.type.LongType@733fb462
2021-12-08 21:51:11,312 [main] DEBUG org.hibernate.type.BasicTypeRegistry               - Adding type registration float -> org.hibernate.type.FloatType@459003a0
2021-12-08 21:51:11,312 [main] DEBUG org.hibernate.type.BasicTypeRegistry               - Adding type registration float -> org.hibernate.type.FloatType@459003a0
2021-12-08 21:51:11,313 [main] DEBUG org.hibernate.type.BasicTypeRegistry               - Adding type registration java.lang.Float -> org.hibernate.type.FloatType@459003a0
2021-12-08 21:51:11,313 [main] DEBUG org.hibernate.type.BasicTypeRegistry               - Adding type registration double -> org.hibernate.type.DoubleType@3fcbc766
2021-12-08 21:51:11,314 [main] DEBUG org.hibernate.type.BasicTypeRegistry               - Adding type registration double -> org.hibernate.type.DoubleType@3fcbc766
2021-12-08 21:51:11,314 [main] DEBUG org.hibernate.type.BasicTypeRegistry               - Adding type registration java.lang.Double -> org.hibernate.type.DoubleType@3fcbc766
2021-12-08 21:51:11,314 [main] DEBUG org.hibernate.type.BasicTypeRegistry               - Adding type registration big_decimal -> org.hibernate.type.BigDecimalType@1b57c345
2021-12-08 21:51:11,314 [main] DEBUG org.hibernate.type.BasicTypeRegistry               - Adding type registration java.math.BigDecimal -> org.hibernate.type.BigDecimalType@1b57c345
2021-12-08 21:51:11,315 [main] DEBUG org.hibernate.type.BasicTypeRegistry               - Adding type registration big_integer -> org.hibernate.type.BigIntegerType@2f79f192
2021-12-08 21:51:11,315 [main] DEBUG org.hibernate.type.BasicTypeRegistry               - Adding type registration java.math.BigInteger -> org.hibernate.type.BigIntegerType@2f79f192
2021-12-08 21:51:11,316 [main] DEBUG org.hibernate.type.BasicTypeRegistry               - Adding type registration string -> org.hibernate.type.StringType@6af5b246
2021-12-08 21:51:11,317 [main] DEBUG org.hibernate.type.BasicTypeRegistry               - Adding type registration java.lang.String -> org.hibernate.type.StringType@6af5b246
2021-12-08 21:51:11,317 [main] DEBUG org.hibernate.type.BasicTypeRegistry               - Adding type registration nstring -> org.hibernate.type.StringNVarcharType@2a4f8009
2021-12-08 21:51:11,317 [main] DEBUG org.hibernate.type.BasicTypeRegistry               - Adding type registration ncharacter -> org.hibernate.type.CharacterNCharType@48268eec
2021-12-08 21:51:11,318 [main] DEBUG org.hibernate.type.BasicTypeRegistry               - Adding type registration url -> org.hibernate.type.UrlType@2e71240b
2021-12-08 21:51:11,318 [main] DEBUG org.hibernate.type.BasicTypeRegistry               - Adding type registration java.net.URL -> org.hibernate.type.UrlType@2e71240b
2021-12-08 21:51:11,319 [main] DEBUG org.hibernate.type.BasicTypeRegistry               - Adding type registration Duration -> org.hibernate.type.DurationType@63a9c661
2021-12-08 21:51:11,319 [main] DEBUG org.hibernate.type.BasicTypeRegistry               - Adding type registration java.time.Duration -> org.hibernate.type.DurationType@63a9c661
2021-12-08 21:51:11,320 [main] DEBUG org.hibernate.type.BasicTypeRegistry               - Adding type registration Instant -> org.hibernate.type.InstantType@43471a7e
2021-12-08 21:51:11,320 [main] DEBUG org.hibernate.type.BasicTypeRegistry               - Adding type registration java.time.Instant -> org.hibernate.type.InstantType@43471a7e
2021-12-08 21:51:11,321 [main] DEBUG org.hibernate.type.BasicTypeRegistry               - Adding type registration LocalDateTime -> org.hibernate.type.LocalDateTimeType@198536f6
2021-12-08 21:51:11,321 [main] DEBUG org.hibernate.type.BasicTypeRegistry               - Adding type registration java.time.LocalDateTime -> org.hibernate.type.LocalDateTimeType@198536f6
2021-12-08 21:51:11,322 [main] DEBUG org.hibernate.type.BasicTypeRegistry               - Adding type registration LocalDate -> org.hibernate.type.LocalDateType@594131f2
2021-12-08 21:51:11,322 [main] DEBUG org.hibernate.type.BasicTypeRegistry               - Adding type registration java.time.LocalDate -> org.hibernate.type.LocalDateType@594131f2
2021-12-08 21:51:11,323 [main] DEBUG org.hibernate.type.BasicTypeRegistry               - Adding type registration LocalTime -> org.hibernate.type.LocalTimeType@6f9ab79d
2021-12-08 21:51:11,323 [main] DEBUG org.hibernate.type.BasicTypeRegistry               - Adding type registration java.time.LocalTime -> org.hibernate.type.LocalTimeType@6f9ab79d
2021-12-08 21:51:11,324 [main] DEBUG org.hibernate.type.BasicTypeRegistry               - Adding type registration OffsetDateTime -> org.hibernate.type.OffsetDateTimeType@ea00de
2021-12-08 21:51:11,324 [main] DEBUG org.hibernate.type.BasicTypeRegistry               - Adding type registration java.time.OffsetDateTime -> org.hibernate.type.OffsetDateTimeType@ea00de
2021-12-08 21:51:11,325 [main] DEBUG org.hibernate.type.BasicTypeRegistry               - Adding type registration OffsetTime -> org.hibernate.type.OffsetTimeType@36c7cbe1
2021-12-08 21:51:11,325 [main] DEBUG org.hibernate.type.BasicTypeRegistry               - Adding type registration java.time.OffsetTime -> org.hibernate.type.OffsetTimeType@36c7cbe1
2021-12-08 21:51:11,326 [main] DEBUG org.hibernate.type.BasicTypeRegistry               - Adding type registration ZonedDateTime -> org.hibernate.type.ZonedDateTimeType@42e4e589
2021-12-08 21:51:11,326 [main] DEBUG org.hibernate.type.BasicTypeRegistry               - Adding type registration java.time.ZonedDateTime -> org.hibernate.type.ZonedDateTimeType@42e4e589
2021-12-08 21:51:11,328 [main] DEBUG org.hibernate.type.BasicTypeRegistry               - Adding type registration date -> org.hibernate.type.DateType@64502326
2021-12-08 21:51:11,328 [main] DEBUG org.hibernate.type.BasicTypeRegistry               - Adding type registration java.sql.Date -> org.hibernate.type.DateType@64502326
2021-12-08 21:51:11,329 [main] DEBUG org.hibernate.type.BasicTypeRegistry               - Adding type registration time -> org.hibernate.type.TimeType@741ac284
2021-12-08 21:51:11,329 [main] DEBUG org.hibernate.type.BasicTypeRegistry               - Adding type registration java.sql.Time -> org.hibernate.type.TimeType@741ac284
2021-12-08 21:51:11,330 [main] DEBUG org.hibernate.type.BasicTypeRegistry               - Adding type registration timestamp -> org.hibernate.type.TimestampType@4e375bba
2021-12-08 21:51:11,330 [main] DEBUG org.hibernate.type.BasicTypeRegistry               - Adding type registration java.sql.Timestamp -> org.hibernate.type.TimestampType@4e375bba
2021-12-08 21:51:11,330 [main] DEBUG org.hibernate.type.BasicTypeRegistry               - Adding type registration java.util.Date -> org.hibernate.type.TimestampType@4e375bba
2021-12-08 21:51:11,331 [main] DEBUG org.hibernate.type.BasicTypeRegistry               - Adding type registration dbtimestamp -> org.hibernate.type.DbTimestampType@39da5e49
2021-12-08 21:51:11,332 [main] DEBUG org.hibernate.type.BasicTypeRegistry               - Adding type registration calendar -> org.hibernate.type.CalendarType@4b87074a
2021-12-08 21:51:11,332 [main] DEBUG org.hibernate.type.BasicTypeRegistry               - Adding type registration java.util.Calendar -> org.hibernate.type.CalendarType@4b87074a
2021-12-08 21:51:11,332 [main] DEBUG org.hibernate.type.BasicTypeRegistry               - Adding type registration java.util.GregorianCalendar -> org.hibernate.type.CalendarType@4b87074a
2021-12-08 21:51:11,333 [main] DEBUG org.hibernate.type.BasicTypeRegistry               - Adding type registration calendar_date -> org.hibernate.type.CalendarDateType@5b35c7d
2021-12-08 21:51:11,334 [main] DEBUG org.hibernate.type.BasicTypeRegistry               - Adding type registration calendar_time -> org.hibernate.type.CalendarTimeType@51c65a43
2021-12-08 21:51:11,334 [main] DEBUG org.hibernate.type.BasicTypeRegistry               - Adding type registration locale -> org.hibernate.type.LocaleType@4e80a001
2021-12-08 21:51:11,334 [main] DEBUG org.hibernate.type.BasicTypeRegistry               - Adding type registration java.util.Locale -> org.hibernate.type.LocaleType@4e80a001
2021-12-08 21:51:11,335 [main] DEBUG org.hibernate.type.BasicTypeRegistry               - Adding type registration currency -> org.hibernate.type.CurrencyType@1d15c0a1
2021-12-08 21:51:11,335 [main] DEBUG org.hibernate.type.BasicTypeRegistry               - Adding type registration java.util.Currency -> org.hibernate.type.CurrencyType@1d15c0a1
2021-12-08 21:51:11,336 [main] DEBUG org.hibernate.type.BasicTypeRegistry               - Adding type registration timezone -> org.hibernate.type.TimeZoneType@4d98e41b
2021-12-08 21:51:11,336 [main] DEBUG org.hibernate.type.BasicTypeRegistry               - Adding type registration java.util.TimeZone -> org.hibernate.type.TimeZoneType@4d98e41b
2021-12-08 21:51:11,336 [main] DEBUG org.hibernate.type.BasicTypeRegistry               - Adding type registration class -> org.hibernate.type.ClassType@541bf968
2021-12-08 21:51:11,336 [main] DEBUG org.hibernate.type.BasicTypeRegistry               - Adding type registration java.lang.Class -> org.hibernate.type.ClassType@541bf968
2021-12-08 21:51:11,337 [main] DEBUG org.hibernate.type.BasicTypeRegistry               - Adding type registration uuid-binary -> org.hibernate.type.UUIDBinaryType@1a2e0d57
2021-12-08 21:51:11,337 [main] DEBUG org.hibernate.type.BasicTypeRegistry               - Adding type registration java.util.UUID -> org.hibernate.type.UUIDBinaryType@1a2e0d57
2021-12-08 21:51:11,337 [main] DEBUG org.hibernate.type.BasicTypeRegistry               - Adding type registration uuid-char -> org.hibernate.type.UUIDCharType@19b07407
2021-12-08 21:51:11,338 [main] DEBUG org.hibernate.type.BasicTypeRegistry               - Adding type registration binary -> org.hibernate.type.BinaryType@58f31629
2021-12-08 21:51:11,338 [main] DEBUG org.hibernate.type.BasicTypeRegistry               - Adding type registration byte[] -> org.hibernate.type.BinaryType@58f31629
2021-12-08 21:51:11,338 [main] DEBUG org.hibernate.type.BasicTypeRegistry               - Adding type registration [B -> org.hibernate.type.BinaryType@58f31629
2021-12-08 21:51:11,339 [main] DEBUG org.hibernate.type.BasicTypeRegistry               - Adding type registration wrapper-binary -> org.hibernate.type.WrapperBinaryType@4971f459
2021-12-08 21:51:11,339 [main] DEBUG org.hibernate.type.BasicTypeRegistry               - Adding type registration Byte[] -> org.hibernate.type.WrapperBinaryType@4971f459
2021-12-08 21:51:11,339 [main] DEBUG org.hibernate.type.BasicTypeRegistry               - Adding type registration [Ljava.lang.Byte; -> org.hibernate.type.WrapperBinaryType@4971f459
2021-12-08 21:51:11,340 [main] DEBUG org.hibernate.type.BasicTypeRegistry               - Adding type registration row_version -> org.hibernate.type.RowVersionType@6f1c3f18
2021-12-08 21:51:11,341 [main] DEBUG org.hibernate.type.BasicTypeRegistry               - Adding type registration image -> org.hibernate.type.ImageType@54af3cb9
2021-12-08 21:51:11,341 [main] DEBUG org.hibernate.type.BasicTypeRegistry               - Adding type registration characters -> org.hibernate.type.CharArrayType@11d4d979
2021-12-08 21:51:11,341 [main] DEBUG org.hibernate.type.BasicTypeRegistry               - Adding type registration char[] -> org.hibernate.type.CharArrayType@11d4d979
2021-12-08 21:51:11,341 [main] DEBUG org.hibernate.type.BasicTypeRegistry               - Adding type registration [C -> org.hibernate.type.CharArrayType@11d4d979
2021-12-08 21:51:11,342 [main] DEBUG org.hibernate.type.BasicTypeRegistry               - Adding type registration wrapper-characters -> org.hibernate.type.CharacterArrayType@70716259
2021-12-08 21:51:11,342 [main] DEBUG org.hibernate.type.BasicTypeRegistry               - Adding type registration [Ljava.lang.Character; -> org.hibernate.type.CharacterArrayType@70716259
2021-12-08 21:51:11,342 [main] DEBUG org.hibernate.type.BasicTypeRegistry               - Adding type registration Character[] -> org.hibernate.type.CharacterArrayType@70716259
2021-12-08 21:51:11,342 [main] DEBUG org.hibernate.type.BasicTypeRegistry               - Adding type registration text -> org.hibernate.type.TextType@57f8951a
2021-12-08 21:51:11,343 [main] DEBUG org.hibernate.type.BasicTypeRegistry               - Adding type registration ntext -> org.hibernate.type.NTextType@1b4872bc
2021-12-08 21:51:11,343 [main] DEBUG org.hibernate.type.BasicTypeRegistry               - Adding type registration blob -> org.hibernate.type.BlobType@7b222230
2021-12-08 21:51:11,343 [main] DEBUG org.hibernate.type.BasicTypeRegistry               - Adding type registration java.sql.Blob -> org.hibernate.type.BlobType@7b222230
2021-12-08 21:51:11,344 [main] DEBUG org.hibernate.type.BasicTypeRegistry               - Adding type registration materialized_blob -> org.hibernate.type.MaterializedBlobType@7df6d663
2021-12-08 21:51:11,345 [main] DEBUG org.hibernate.type.BasicTypeRegistry               - Adding type registration clob -> org.hibernate.type.ClobType@741741d0
2021-12-08 21:51:11,345 [main] DEBUG org.hibernate.type.BasicTypeRegistry               - Adding type registration java.sql.Clob -> org.hibernate.type.ClobType@741741d0
2021-12-08 21:51:11,346 [main] DEBUG org.hibernate.type.BasicTypeRegistry               - Adding type registration nclob -> org.hibernate.type.NClobType@4f7be6c8
2021-12-08 21:51:11,346 [main] DEBUG org.hibernate.type.BasicTypeRegistry               - Adding type registration java.sql.NClob -> org.hibernate.type.NClobType@4f7be6c8
2021-12-08 21:51:11,346 [main] DEBUG org.hibernate.type.BasicTypeRegistry               - Adding type registration materialized_clob -> org.hibernate.type.MaterializedClobType@59303963
2021-12-08 21:51:11,346 [main] DEBUG org.hibernate.type.BasicTypeRegistry               - Adding type registration materialized_nclob -> org.hibernate.type.MaterializedNClobType@4b033eac
2021-12-08 21:51:11,347 [main] DEBUG org.hibernate.type.BasicTypeRegistry               - Adding type registration serializable -> org.hibernate.type.SerializableType@193eb1ba
2021-12-08 21:51:11,349 [main] DEBUG org.hibernate.type.BasicTypeRegistry               - Adding type registration object -> org.hibernate.type.ObjectType@4b97b3d2
2021-12-08 21:51:11,350 [main] DEBUG org.hibernate.type.BasicTypeRegistry               - Adding type registration java.lang.Object -> org.hibernate.type.ObjectType@4b97b3d2
2021-12-08 21:51:11,350 [main] DEBUG org.hibernate.type.BasicTypeRegistry               - Adding type registration imm_date -> org.hibernate.type.AdaptedImmutableType@7f97bc14
2021-12-08 21:51:11,350 [main] DEBUG org.hibernate.type.BasicTypeRegistry               - Adding type registration imm_time -> org.hibernate.type.AdaptedImmutableType@22d8f4ed
2021-12-08 21:51:11,351 [main] DEBUG org.hibernate.type.BasicTypeRegistry               - Adding type registration imm_timestamp -> org.hibernate.type.AdaptedImmutableType@3434a4f0
2021-12-08 21:51:11,351 [main] DEBUG org.hibernate.type.BasicTypeRegistry               - Adding type registration imm_dbtimestamp -> org.hibernate.type.AdaptedImmutableType@79afa369
2021-12-08 21:51:11,351 [main] DEBUG org.hibernate.type.BasicTypeRegistry               - Adding type registration imm_calendar -> org.hibernate.type.AdaptedImmutableType@3b9ac754
2021-12-08 21:51:11,351 [main] DEBUG org.hibernate.type.BasicTypeRegistry               - Adding type registration imm_calendar_date -> org.hibernate.type.AdaptedImmutableType@5e002356
2021-12-08 21:51:11,351 [main] DEBUG org.hibernate.type.BasicTypeRegistry               - Adding type registration imm_binary -> org.hibernate.type.AdaptedImmutableType@4f820f42
2021-12-08 21:51:11,352 [main] DEBUG org.hibernate.type.BasicTypeRegistry               - Adding type registration imm_serializable -> org.hibernate.type.AdaptedImmutableType@4b325930
2021-12-08 21:51:11,395 [main] INFO  com.zaxxer.hikari.HikariDataSource                 - HikariPool-1 - Starting...
2021-12-08 21:51:11,710 [main] INFO  com.zaxxer.hikari.HikariDataSource                 - HikariPool-1 - Start completed.
2021-12-08 21:51:11,722 [main] INFO  org.hibernate.dialect.Dialect                      - HHH000400: Using dialect: org.hibernate.dialect.MariaDB103Dialect
2021-12-08 21:51:11,765 [main] DEBUG o.h.type.spi.TypeConfiguration$Scope               - Scoping TypeConfiguration [org.hibernate.type.spi.TypeConfiguration@7cdb7fc] to MetadataBuildingContext [org.hibernate.boot.internal.MetadataBuildingContextRootImpl@524f5ea5]
2021-12-08 21:51:11,896 [main] DEBUG o.h.type.spi.TypeConfiguration$Scope               - Scoping TypeConfiguration [org.hibernate.type.spi.TypeConfiguration@7cdb7fc] to SessionFactoryImpl [org.hibernate.internal.SessionFactoryImpl@2513155a]
2021-12-08 21:51:12,179 [main] INFO  o.h.e.t.j.p.i.JtaPlatformInitiator                 - HHH000490: Using JtaPlatform implementation: [org.hibernate.engine.transaction.jta.platform.internal.NoJtaPlatform]
2021-12-08 21:51:12,187 [main] TRACE o.h.type.spi.TypeConfiguration$Scope               - Handling #sessionFactoryCreated from [org.hibernate.internal.SessionFactoryImpl@2513155a] for TypeConfiguration
2021-12-08 21:51:12,188 [main] INFO  o.s.o.j.LocalContainerEntityManagerFactoryBean     - Initialized JPA EntityManagerFactory for persistence unit 'default'
2021-12-08 21:51:12,487 [main] WARN  o.s.b.a.o.j.JpaBaseConfiguration$JpaWebConfiguration - spring.jpa.open-in-view is enabled by default. Therefore, database queries may be performed during view rendering. Explicitly configure spring.jpa.open-in-view to disable this warning
2021-12-08 21:51:12,681 [main] WARN  o.s.b.a.t.ThymeleafAutoConfiguration$DefaultTemplateResolverConfiguration - Cannot find template location: classpath:/templates/ (please add some templates or check your Thymeleaf configuration)
2021-12-08 21:51:12,969 [main] INFO  o.apache.coyote.http11.Http11NioProtocol           - Starting ProtocolHandler ["http-nio-5050"]
2021-12-08 21:51:12,980 [main] INFO  o.s.b.w.embedded.tomcat.TomcatWebServer            - Tomcat started on port(s): 5050 (http) with context path ''
2021-12-08 21:51:12,994 [main] INFO  t.goodquestion.GoodquestionApplication             - Started GoodquestionApplication in 3.592 seconds (JVM running for 4.752)
2021-12-08 21:52:27,464 [http-nio-5050-exec-1] INFO  o.a.c.c.C.[Tomcat].[localhost].[/]                 - Initializing Spring DispatcherServlet 'dispatcherServlet'
2021-12-08 21:52:27,465 [http-nio-5050-exec-1] INFO  o.s.web.servlet.DispatcherServlet                  - Initializing Servlet 'dispatcherServlet'
2021-12-08 21:52:27,466 [http-nio-5050-exec-1] INFO  o.s.web.servlet.DispatcherServlet                  - Completed initialization in 1 ms
2021-12-08 21:52:27,541 [http-nio-5050-exec-1] INFO  t.g.website.controller.UserController              - User created: User(userId=0, email=testfgffeffffdd, username=test5dfferteffd, password=testd6fferteffd, mobile=eelmdert, collectedPoints=0, createdAt=Thu Nov 25 06:37:39 CET 2021)
2021-12-08 21:52:27,580 [http-nio-5050-exec-1] DEBUG org.hibernate.SQL                                  - insert into user (collected_points, created_at, email, mobile, password, username) values (?, ?, ?, ?, ?, ?)
2021-12-08 21:52:27,592 [http-nio-5050-exec-1] TRACE o.h.type.descriptor.sql.BasicBinder                - binding parameter [1] as [INTEGER] - [0]
2021-12-08 21:52:27,593 [http-nio-5050-exec-1] TRACE o.h.type.descriptor.sql.BasicBinder                - binding parameter [2] as [TIMESTAMP] - [Wed Dec 08 21:52:27 CET 2021]
2021-12-08 21:52:27,596 [http-nio-5050-exec-1] TRACE o.h.type.descriptor.sql.BasicBinder                - binding parameter [3] as [VARCHAR] - [testfgffeffffdd]
2021-12-08 21:52:27,596 [http-nio-5050-exec-1] TRACE o.h.type.descriptor.sql.BasicBinder                - binding parameter [4] as [VARCHAR] - [eelmdert]
2021-12-08 21:52:27,596 [http-nio-5050-exec-1] TRACE o.h.type.descriptor.sql.BasicBinder                - binding parameter [5] as [VARCHAR] - [testd6fferteffd]
2021-12-08 21:52:27,596 [http-nio-5050-exec-1] TRACE o.h.type.descriptor.sql.BasicBinder                - binding parameter [6] as [VARCHAR] - [test5dfferteffd]
2021-12-08 21:52:56,321 [http-nio-5050-exec-3] INFO  t.g.website.controller.UserController              - User created: User(userId=0, email=Lustav@gmail.com, username=test5dfferteffd, password=testd6fferteffd, mobile=eelmdert, collectedPoints=0, createdAt=Thu Nov 25 06:37:39 CET 2021)
2021-12-08 21:52:56,322 [http-nio-5050-exec-3] DEBUG org.hibernate.SQL                                  - insert into user (collected_points, created_at, email, mobile, password, username) values (?, ?, ?, ?, ?, ?)
2021-12-08 21:52:56,323 [http-nio-5050-exec-3] TRACE o.h.type.descriptor.sql.BasicBinder                - binding parameter [1] as [INTEGER] - [0]
2021-12-08 21:52:56,323 [http-nio-5050-exec-3] TRACE o.h.type.descriptor.sql.BasicBinder                - binding parameter [2] as [TIMESTAMP] - [Wed Dec 08 21:52:56 CET 2021]
2021-12-08 21:52:56,323 [http-nio-5050-exec-3] TRACE o.h.type.descriptor.sql.BasicBinder                - binding parameter [3] as [VARCHAR] - [Lustav@gmail.com]
2021-12-08 21:52:56,324 [http-nio-5050-exec-3] TRACE o.h.type.descriptor.sql.BasicBinder                - binding parameter [4] as [VARCHAR] - [eelmdert]
2021-12-08 21:52:56,324 [http-nio-5050-exec-3] TRACE o.h.type.descriptor.sql.BasicBinder                - binding parameter [5] as [VARCHAR] - [testd6fferteffd]
2021-12-08 21:52:56,324 [http-nio-5050-exec-3] TRACE o.h.type.descriptor.sql.BasicBinder                - binding parameter [6] as [VARCHAR] - [test5dfferteffd]
2021-12-08 21:52:56,337 [http-nio-5050-exec-3] WARN  o.h.engine.jdbc.spi.SqlExceptionHelper             - SQL Error: 1062, SQLState: 23000
2021-12-08 21:52:56,337 [http-nio-5050-exec-3] ERROR o.h.engine.jdbc.spi.SqlExceptionHelper             - Duplicate entry 'test5dfferteffd' for key 'UK_sb8bbouer5wak8vyiiy4pf2bx'
2021-12-08 21:52:56,359 [http-nio-5050-exec-3] ERROR o.a.c.c.C.[.[.[/].[dispatcherServlet]              - Servlet.service() for servlet [dispatcherServlet] in context with path [] threw exception [Request processing failed; nested exception is org.springframework.dao.DataIntegrityViolationException: could not execute statement; SQL [n/a]; constraint [UK_sb8bbouer5wak8vyiiy4pf2bx]; nested exception is org.hibernate.exception.ConstraintViolationException: could not execute statement] with root cause
java.sql.SQLIntegrityConstraintViolationException: Duplicate entry 'test5dfferteffd' for key 'UK_sb8bbouer5wak8vyiiy4pf2bx'
	at com.mysql.cj.jdbc.exceptions.SQLError.createSQLException(SQLError.java:117)
	at com.mysql.cj.jdbc.exceptions.SQLExceptionsMapping.translateException(SQLExceptionsMapping.java:122)
	at com.mysql.cj.jdbc.ClientPreparedStatement.executeInternal(ClientPreparedStatement.java:953)
	at com.mysql.cj.jdbc.ClientPreparedStatement.executeUpdateInternal(ClientPreparedStatement.java:1092)
	at com.mysql.cj.jdbc.ClientPreparedStatement.executeUpdateInternal(ClientPreparedStatement.java:1040)
	at com.mysql.cj.jdbc.ClientPreparedStatement.executeLargeUpdate(ClientPreparedStatement.java:1350)
	at com.mysql.cj.jdbc.ClientPreparedStatement.executeUpdate(ClientPreparedStatement.java:1025)
	at com.zaxxer.hikari.pool.ProxyPreparedStatement.executeUpdate(ProxyPreparedStatement.java:61)
	at com.zaxxer.hikari.pool.HikariProxyPreparedStatement.executeUpdate(HikariProxyPreparedStatement.java)
	at org.hibernate.engine.jdbc.internal.ResultSetReturnImpl.executeUpdate(ResultSetReturnImpl.java:197)
	at org.hibernate.dialect.identity.GetGeneratedKeysDelegate.executeAndExtract(GetGeneratedKeysDelegate.java:57)
	at org.hibernate.id.insert.AbstractReturningDelegate.performInsert(AbstractReturningDelegate.java:43)
	at org.hibernate.persister.entity.AbstractEntityPersister.insert(AbstractEntityPersister.java:3196)
	at org.hibernate.persister.entity.AbstractEntityPersister.insert(AbstractEntityPersister.java:3802)
	at org.hibernate.action.internal.EntityIdentityInsertAction.execute(EntityIdentityInsertAction.java:84)
	at org.hibernate.engine.spi.ActionQueue.execute(ActionQueue.java:645)
	at org.hibernate.engine.spi.ActionQueue.addResolvedEntityInsertAction(ActionQueue.java:282)
	at org.hibernate.engine.spi.ActionQueue.addInsertAction(ActionQueue.java:263)
	at org.hibernate.engine.spi.ActionQueue.addAction(ActionQueue.java:317)
	at org.hibernate.event.internal.AbstractSaveEventListener.addInsertAction(AbstractSaveEventListener.java:330)
	at org.hibernate.event.internal.AbstractSaveEventListener.performSaveOrReplicate(AbstractSaveEventListener.java:287)
	at org.hibernate.event.internal.AbstractSaveEventListener.performSave(AbstractSaveEventListener.java:193)
	at org.hibernate.event.internal.AbstractSaveEventListener.saveWithGeneratedId(AbstractSaveEventListener.java:123)
	at org.hibernate.event.internal.DefaultPersistEventListener.entityIsTransient(DefaultPersistEventListener.java:185)
	at org.hibernate.event.internal.DefaultPersistEventListener.onPersist(DefaultPersistEventListener.java:128)
	at org.hibernate.event.internal.DefaultPersistEventListener.onPersist(DefaultPersistEventListener.java:55)
	at org.hibernate.event.service.internal.EventListenerGroupImpl.fireEventOnEachListener(EventListenerGroupImpl.java:99)
	at org.hibernate.internal.SessionImpl.firePersist(SessionImpl.java:720)
	at org.hibernate.internal.SessionImpl.persist(SessionImpl.java:706)
	at java.base/jdk.internal.reflect.NativeMethodAccessorImpl.invoke0(Native Method)
	at java.base/jdk.internal.reflect.NativeMethodAccessorImpl.invoke(NativeMethodAccessorImpl.java:64)
	at java.base/jdk.internal.reflect.DelegatingMethodAccessorImpl.invoke(DelegatingMethodAccessorImpl.java:43)
	at java.base/java.lang.reflect.Method.invoke(Method.java:564)
	at org.springframework.orm.jpa.ExtendedEntityManagerCreator$ExtendedEntityManagerInvocationHandler.invoke(ExtendedEntityManagerCreator.java:362)
	at com.sun.proxy.$Proxy86.persist(Unknown Source)
	at java.base/jdk.internal.reflect.NativeMethodAccessorImpl.invoke0(Native Method)
	at java.base/jdk.internal.reflect.NativeMethodAccessorImpl.invoke(NativeMethodAccessorImpl.java:64)
	at java.base/jdk.internal.reflect.DelegatingMethodAccessorImpl.invoke(DelegatingMethodAccessorImpl.java:43)
	at java.base/java.lang.reflect.Method.invoke(Method.java:564)
	at org.springframework.orm.jpa.SharedEntityManagerCreator$SharedEntityManagerInvocationHandler.invoke(SharedEntityManagerCreator.java:311)
	at com.sun.proxy.$Proxy86.persist(Unknown Source)
	at org.springframework.data.jpa.repository.support.SimpleJpaRepository.save(SimpleJpaRepository.java:597)
	at java.base/jdk.internal.reflect.NativeMethodAccessorImpl.invoke0(Native Method)
	at java.base/jdk.internal.reflect.NativeMethodAccessorImpl.invoke(NativeMethodAccessorImpl.java:64)
	at java.base/jdk.internal.reflect.DelegatingMethodAccessorImpl.invoke(DelegatingMethodAccessorImpl.java:43)
	at java.base/java.lang.reflect.Method.invoke(Method.java:564)
	at org.springframework.data.repository.core.support.RepositoryMethodInvoker$RepositoryFragmentMethodInvoker.lambda$new$0(RepositoryMethodInvoker.java:289)
	at org.springframework.data.repository.core.support.RepositoryMethodInvoker.doInvoke(RepositoryMethodInvoker.java:137)
	at org.springframework.data.repository.core.support.RepositoryMethodInvoker.invoke(RepositoryMethodInvoker.java:121)
	at org.springframework.data.repository.core.support.RepositoryComposition$RepositoryFragments.invoke(RepositoryComposition.java:529)
	at org.springframework.data.repository.core.support.RepositoryComposition.invoke(RepositoryComposition.java:285)
	at org.springframework.data.repository.core.support.RepositoryFactorySupport$ImplementationMethodExecutionInterceptor.invoke(RepositoryFactorySupport.java:599)
	at org.springframework.aop.framework.ReflectiveMethodInvocation.proceed(ReflectiveMethodInvocation.java:186)
	at org.springframework.data.repository.core.support.QueryExecutorMethodInterceptor.doInvoke(QueryExecutorMethodInterceptor.java:163)
	at org.springframework.data.repository.core.support.QueryExecutorMethodInterceptor.invoke(QueryExecutorMethodInterceptor.java:138)
	at org.springframework.aop.framework.ReflectiveMethodInvocation.proceed(ReflectiveMethodInvocation.java:186)
	at org.springframework.data.projection.DefaultMethodInvokingMethodInterceptor.invoke(DefaultMethodInvokingMethodInterceptor.java:80)
	at org.springframework.aop.framework.ReflectiveMethodInvocation.proceed(ReflectiveMethodInvocation.java:186)
	at org.springframework.transaction.interceptor.TransactionInterceptor$1.proceedWithInvocation(TransactionInterceptor.java:123)
	at org.springframework.transaction.interceptor.TransactionAspectSupport.invokeWithinTransaction(TransactionAspectSupport.java:388)
	at org.springframework.transaction.interceptor.TransactionInterceptor.invoke(TransactionInterceptor.java:119)
	at org.springframework.aop.framework.ReflectiveMethodInvocation.proceed(ReflectiveMethodInvocation.java:186)
	at org.springframework.dao.support.PersistenceExceptionTranslationInterceptor.invoke(PersistenceExceptionTranslationInterceptor.java:137)
	at org.springframework.aop.framework.ReflectiveMethodInvocation.proceed(ReflectiveMethodInvocation.java:186)
	at org.springframework.data.jpa.repository.support.CrudMethodMetadataPostProcessor$CrudMethodMetadataPopulatingMethodInterceptor.invoke(CrudMethodMetadataPostProcessor.java:174)
	at org.springframework.aop.framework.ReflectiveMethodInvocation.proceed(ReflectiveMethodInvocation.java:186)
	at org.springframework.aop.interceptor.ExposeInvocationInterceptor.invoke(ExposeInvocationInterceptor.java:97)
	at org.springframework.aop.framework.ReflectiveMethodInvocation.proceed(ReflectiveMethodInvocation.java:186)
	at org.springframework.aop.framework.JdkDynamicAopProxy.invoke(JdkDynamicAopProxy.java:215)
	at com.sun.proxy.$Proxy96.save(Unknown Source)
	at tech.goodquestion.website.service.UserServiceImpl.createAccount(UserServiceImpl.java:22)
	at tech.goodquestion.website.controller.UserController.signIn(UserController.java:32)
	at java.base/jdk.internal.reflect.NativeMethodAccessorImpl.invoke0(Native Method)
	at java.base/jdk.internal.reflect.NativeMethodAccessorImpl.invoke(NativeMethodAccessorImpl.java:64)
	at java.base/jdk.internal.reflect.DelegatingMethodAccessorImpl.invoke(DelegatingMethodAccessorImpl.java:43)
	at java.base/java.lang.reflect.Method.invoke(Method.java:564)
	at org.springframework.web.method.support.InvocableHandlerMethod.doInvoke(InvocableHandlerMethod.java:197)
	at org.springframework.web.method.support.InvocableHandlerMethod.invokeForRequest(InvocableHandlerMethod.java:141)
	at org.springframework.web.servlet.mvc.method.annotation.ServletInvocableHandlerMethod.invokeAndHandle(ServletInvocableHandlerMethod.java:106)
	at org.springframework.web.servlet.mvc.method.annotation.RequestMappingHandlerAdapter.invokeHandlerMethod(RequestMappingHandlerAdapter.java:895)
	at org.springframework.web.servlet.mvc.method.annotation.RequestMappingHandlerAdapter.handleInternal(RequestMappingHandlerAdapter.java:808)
	at org.springframework.web.servlet.mvc.method.AbstractHandlerMethodAdapter.handle(AbstractHandlerMethodAdapter.java:87)
	at org.springframework.web.servlet.DispatcherServlet.doDispatch(DispatcherServlet.java:1064)
	at org.springframework.web.servlet.DispatcherServlet.doService(DispatcherServlet.java:963)
	at org.springframework.web.servlet.FrameworkServlet.processRequest(FrameworkServlet.java:1006)
	at org.springframework.web.servlet.FrameworkServlet.doPost(FrameworkServlet.java:909)
	at javax.servlet.http.HttpServlet.service(HttpServlet.java:681)
	at org.springframework.web.servlet.FrameworkServlet.service(FrameworkServlet.java:883)
	at javax.servlet.http.HttpServlet.service(HttpServlet.java:764)
	at org.apache.catalina.core.ApplicationFilterChain.internalDoFilter(ApplicationFilterChain.java:227)
	at org.apache.catalina.core.ApplicationFilterChain.doFilter(ApplicationFilterChain.java:162)
	at org.apache.tomcat.websocket.server.WsFilter.doFilter(WsFilter.java:53)
	at org.apache.catalina.core.ApplicationFilterChain.internalDoFilter(ApplicationFilterChain.java:189)
	at org.apache.catalina.core.ApplicationFilterChain.doFilter(ApplicationFilterChain.java:162)
	at org.springframework.web.filter.RequestContextFilter.doFilterInternal(RequestContextFilter.java:100)
	at org.springframework.web.filter.OncePerRequestFilter.doFilter(OncePerRequestFilter.java:119)
	at org.apache.catalina.core.ApplicationFilterChain.internalDoFilter(ApplicationFilterChain.java:189)
	at org.apache.catalina.core.ApplicationFilterChain.doFilter(ApplicationFilterChain.java:162)
	at org.springframework.web.filter.FormContentFilter.doFilterInternal(FormContentFilter.java:93)
	at org.springframework.web.filter.OncePerRequestFilter.doFilter(OncePerRequestFilter.java:119)
	at org.apache.catalina.core.ApplicationFilterChain.internalDoFilter(ApplicationFilterChain.java:189)
	at org.apache.catalina.core.ApplicationFilterChain.doFilter(ApplicationFilterChain.java:162)
	at org.springframework.web.filter.CharacterEncodingFilter.doFilterInternal(CharacterEncodingFilter.java:201)
	at org.springframework.web.filter.OncePerRequestFilter.doFilter(OncePerRequestFilter.java:119)
	at org.apache.catalina.core.ApplicationFilterChain.internalDoFilter(ApplicationFilterChain.java:189)
	at org.apache.catalina.core.ApplicationFilterChain.doFilter(ApplicationFilterChain.java:162)
	at org.apache.catalina.core.StandardWrapperValve.invoke(StandardWrapperValve.java:197)
	at org.apache.catalina.core.StandardContextValve.invoke(StandardContextValve.java:97)
	at org.apache.catalina.authenticator.AuthenticatorBase.invoke(AuthenticatorBase.java:542)
	at org.apache.catalina.core.StandardHostValve.invoke(StandardHostValve.java:135)
	at org.apache.catalina.valves.ErrorReportValve.invoke(ErrorReportValve.java:92)
	at org.apache.catalina.core.StandardEngineValve.invoke(StandardEngineValve.java:78)
	at org.apache.catalina.connector.CoyoteAdapter.service(CoyoteAdapter.java:357)
	at org.apache.coyote.http11.Http11Processor.service(Http11Processor.java:382)
	at org.apache.coyote.AbstractProcessorLight.process(AbstractProcessorLight.java:65)
	at org.apache.coyote.AbstractProtocol$ConnectionHandler.process(AbstractProtocol.java:893)
	at org.apache.tomcat.util.net.NioEndpoint$SocketProcessor.doRun(NioEndpoint.java:1726)
	at org.apache.tomcat.util.net.SocketProcessorBase.run(SocketProcessorBase.java:49)
	at org.apache.tomcat.util.threads.ThreadPoolExecutor.runWorker(ThreadPoolExecutor.java:1191)
	at org.apache.tomcat.util.threads.ThreadPoolExecutor$Worker.run(ThreadPoolExecutor.java:659)
	at org.apache.tomcat.util.threads.TaskThread$WrappingRunnable.run(TaskThread.java:61)
	at java.base/java.lang.Thread.run(Thread.java:832)
2021-12-08 21:53:04,276 [http-nio-5050-exec-5] INFO  t.g.website.controller.UserController              - User created: User(userId=0, email=Lustav@gmail.com, username=test5dfferteffds, password=testd6fferteffds, mobile=eelmdert, collectedPoints=0, createdAt=Thu Nov 25 06:37:39 CET 2021)
2021-12-08 21:53:04,278 [http-nio-5050-exec-5] DEBUG org.hibernate.SQL                                  - insert into user (collected_points, created_at, email, mobile, password, username) values (?, ?, ?, ?, ?, ?)
2021-12-08 21:53:04,278 [http-nio-5050-exec-5] TRACE o.h.type.descriptor.sql.BasicBinder                - binding parameter [1] as [INTEGER] - [0]
2021-12-08 21:53:04,278 [http-nio-5050-exec-5] TRACE o.h.type.descriptor.sql.BasicBinder                - binding parameter [2] as [TIMESTAMP] - [Wed Dec 08 21:53:04 CET 2021]
2021-12-08 21:53:04,279 [http-nio-5050-exec-5] TRACE o.h.type.descriptor.sql.BasicBinder                - binding parameter [3] as [VARCHAR] - [Lustav@gmail.com]
2021-12-08 21:53:04,279 [http-nio-5050-exec-5] TRACE o.h.type.descriptor.sql.BasicBinder                - binding parameter [4] as [VARCHAR] - [eelmdert]
2021-12-08 21:53:04,279 [http-nio-5050-exec-5] TRACE o.h.type.descriptor.sql.BasicBinder                - binding parameter [5] as [VARCHAR] - [testd6fferteffds]
2021-12-08 21:53:04,279 [http-nio-5050-exec-5] TRACE o.h.type.descriptor.sql.BasicBinder                - binding parameter [6] as [VARCHAR] - [test5dfferteffds]
2021-12-08 22:00:58,761 [SpringApplicationShutdownHook] INFO  o.s.o.j.LocalContainerEntityManagerFactoryBean     - Closing JPA EntityManagerFactory for persistence unit 'default'
2021-12-08 22:00:58,762 [SpringApplicationShutdownHook] TRACE o.h.type.spi.TypeConfiguration$Scope               - Handling #sessionFactoryClosed from [org.hibernate.internal.SessionFactoryImpl@2513155a] for TypeConfiguration
2021-12-08 22:00:58,762 [SpringApplicationShutdownHook] DEBUG o.h.type.spi.TypeConfiguration$Scope               - Un-scoping TypeConfiguration [org.hibernate.type.spi.TypeConfiguration$Scope@3bd637eb] from SessionFactory [org.hibernate.internal.SessionFactoryImpl@2513155a]
2021-12-08 22:00:58,764 [SpringApplicationShutdownHook] INFO  com.zaxxer.hikari.HikariDataSource                 - HikariPool-1 - Shutdown initiated...
2021-12-08 22:00:58,767 [SpringApplicationShutdownHook] INFO  com.zaxxer.hikari.HikariDataSource                 - HikariPool-1 - Shutdown completed.
